<?xml version="1.0" encoding="UTF-8"?>
<testsuite name="com.jojoldu.book.springboot.web.dto.HelloResponseDtoTest" tests="1" skipped="0" failures="0" errors="0" timestamp="2020-10-19T14:07:02" hostname="RISUNGucBookPro" time="0.051">
  <properties/>
  <testcase name="롬복_테스트" classname="com.jojoldu.book.springboot.web.dto.HelloResponseDtoTest" time="0.051"/>
  <system-out><![CDATA[]]></system-out>
  <system-err><![CDATA[]]></system-err>
</testsuite>
