<?xml version="1.0" encoding="UTF-8"?>
<testsuite name="com.jojoldu.book.springboot.web.dto.HelloControllerTest" tests="2" skipped="0" failures="0" errors="0" timestamp="2020-10-13T11:42:15" hostname="RISUNGucBookPro" time="0.133">
  <properties/>
  <testcase name="hello가_리턴" classname="com.jojoldu.book.springboot.web.dto.HelloControllerTest" time="0.043"/>
  <testcase name="helloDto가_리턴" classname="com.jojoldu.book.springboot.web.dto.HelloControllerTest" time="0.089"/>
  <system-out><![CDATA[2020-10-13 20:42:14.809  INFO 4025 --- [    Test worker] .b.t.a.w.s.WebMvcTestContextBootstrapper : Neither @ContextConfiguration nor @ContextHierarchy found for test class [com.jojoldu.book.springboot.web.dto.HelloControllerTest], using SpringBootContextLoader
2020-10-13 20:42:14.810  INFO 4025 --- [    Test worker] o.s.t.c.support.AbstractContextLoader    : Could not detect default resource locations for test class [com.jojoldu.book.springboot.web.dto.HelloControllerTest]: no resource found for suffixes {-context.xml, Context.groovy}.
2020-10-13 20:42:14.810  INFO 4025 --- [    Test worker] t.c.s.AnnotationConfigContextLoaderUtils : Could not detect default configuration classes for test class [com.jojoldu.book.springboot.web.dto.HelloControllerTest]: HelloControllerTest does not declare any static, non-private, non-final, nested classes annotated with @Configuration.
2020-10-13 20:42:14.823  INFO 4025 --- [    Test worker] .b.t.c.SpringBootTestContextBootstrapper : Found @SpringBootConfiguration com.jojoldu.book.springboot.Application for test class com.jojoldu.book.springboot.web.dto.HelloControllerTest
2020-10-13 20:42:14.824  INFO 4025 --- [    Test worker] .b.t.a.w.s.WebMvcTestContextBootstrapper : Loaded default TestExecutionListener class names from location [META-INF/spring.factories]: [org.springframework.security.test.context.support.WithSecurityContextTestExecutionListener, org.springframework.security.test.context.support.ReactorContextTestExecutionListener, org.springframework.boot.test.autoconfigure.restdocs.RestDocsTestExecutionListener, org.springframework.boot.test.autoconfigure.web.client.MockRestServiceServerResetTestExecutionListener, org.springframework.boot.test.autoconfigure.web.servlet.MockMvcPrintOnlyOnFailureTestExecutionListener, org.springframework.boot.test.autoconfigure.web.servlet.WebDriverTestExecutionListener, org.springframework.boot.test.mock.mockito.MockitoTestExecutionListener, org.springframework.boot.test.mock.mockito.ResetMocksTestExecutionListener, org.springframework.test.context.web.ServletTestExecutionListener, org.springframework.test.context.support.DirtiesContextBeforeModesTestExecutionListener, org.springframework.test.context.support.DependencyInjectionTestExecutionListener, org.springframework.test.context.support.DirtiesContextTestExecutionListener, org.springframework.test.context.transaction.TransactionalTestExecutionListener, org.springframework.test.context.jdbc.SqlScriptsTestExecutionListener]
2020-10-13 20:42:14.825  INFO 4025 --- [    Test worker] .b.t.a.w.s.WebMvcTestContextBootstrapper : Using TestExecutionListeners: [org.springframework.test.context.web.ServletTestExecutionListener@7fafbb27, org.springframework.test.context.support.DirtiesContextBeforeModesTestExecutionListener@745a5d8a, org.springframework.boot.test.mock.mockito.MockitoTestExecutionListener@1f0e660c, org.springframework.boot.test.autoconfigure.SpringBootDependencyInjectionTestExecutionListener@30d5923d, org.springframework.test.context.support.DirtiesContextTestExecutionListener@32a16183, org.springframework.test.context.transaction.TransactionalTestExecutionListener@1431dc50, org.springframework.test.context.jdbc.SqlScriptsTestExecutionListener@7863e6dc, org.springframework.security.test.context.support.WithSecurityContextTestExecutionListener@64bbd797, org.springframework.security.test.context.support.ReactorContextTestExecutionListener@5d2f1ffa, org.springframework.boot.test.autoconfigure.restdocs.RestDocsTestExecutionListener@47668b53, org.springframework.boot.test.autoconfigure.web.client.MockRestServiceServerResetTestExecutionListener@2054d065, org.springframework.boot.test.autoconfigure.web.servlet.MockMvcPrintOnlyOnFailureTestExecutionListener@1a69bc97, org.springframework.boot.test.autoconfigure.web.servlet.WebDriverTestExecutionListener@3f1ca0ef, org.springframework.boot.test.mock.mockito.ResetMocksTestExecutionListener@4c53984c]

  .   ____          _            __ _ _
 /\\ / ___'_ __ _ _(_)_ __  __ _ \ \ \ \
( ( )\___ | '_ | '_| | '_ \/ _` | \ \ \ \
 \\/  ___)| |_)| | | | | || (_| |  ) ) ) )
  '  |____| .__|_| |_|_| |_\__, | / / / /
 =========|_|==============|___/=/_/_/_/
 :: Spring Boot ::        (v2.1.7.RELEASE)

2020-10-13 20:42:14.881  INFO 4025 --- [    Test worker] c.j.b.s.web.dto.HelloControllerTest      : Starting HelloControllerTest on RISUNGucBookPro with PID 4025 (started by rs in /Users/rs/Desktop/spring boot1)
2020-10-13 20:42:14.888  INFO 4025 --- [    Test worker] c.j.b.s.web.dto.HelloControllerTest      : No active profile set, falling back to default profiles: default
2020-10-13 20:42:15.255  INFO 4025 --- [    Test worker] o.s.s.concurrent.ThreadPoolTaskExecutor  : Initializing ExecutorService 'applicationTaskExecutor'
2020-10-13 20:42:15.284  INFO 4025 --- [    Test worker] o.s.b.a.w.s.WelcomePageHandlerMapping    : Adding welcome page template: index
2020-10-13 20:42:15.452  INFO 4025 --- [    Test worker] .s.s.UserDetailsServiceAutoConfiguration : 

Using generated security password: 98f945a7-882c-49ec-a589-652fcf83f88b

2020-10-13 20:42:15.543  INFO 4025 --- [    Test worker] o.s.s.web.DefaultSecurityFilterChain     : Creating filter chain: any request, [org.springframework.security.web.context.request.async.WebAsyncManagerIntegrationFilter@3e212f74, org.springframework.security.web.context.SecurityContextPersistenceFilter@5927f6d4, org.springframework.security.web.header.HeaderWriterFilter@38ed0320, org.springframework.security.web.csrf.CsrfFilter@6f28bc5, org.springframework.security.web.authentication.logout.LogoutFilter@35ece6ee, org.springframework.security.web.authentication.UsernamePasswordAuthenticationFilter@581f964f, org.springframework.security.web.authentication.ui.DefaultLoginPageGeneratingFilter@24b7a190, org.springframework.security.web.authentication.ui.DefaultLogoutPageGeneratingFilter@6be3f78f, org.springframework.security.web.authentication.www.BasicAuthenticationFilter@569dad94, org.springframework.security.web.savedrequest.RequestCacheAwareFilter@46a8062f, org.springframework.security.web.servletapi.SecurityContextHolderAwareRequestFilter@160ce9d9, org.springframework.security.web.authentication.AnonymousAuthenticationFilter@5029066a, org.springframework.security.web.session.SessionManagementFilter@2ad30b5b, org.springframework.security.web.access.ExceptionTranslationFilter@55494b34, org.springframework.security.web.access.intercept.FilterSecurityInterceptor@7d9f52c]
2020-10-13 20:42:15.564  INFO 4025 --- [    Test worker] o.s.b.t.m.w.SpringBootMockServletContext : Initializing Spring TestDispatcherServlet ''
2020-10-13 20:42:15.565  INFO 4025 --- [    Test worker] o.s.t.web.servlet.TestDispatcherServlet  : Initializing Servlet ''
2020-10-13 20:42:15.569  INFO 4025 --- [    Test worker] o.s.t.web.servlet.TestDispatcherServlet  : Completed initialization in 4 ms
2020-10-13 20:42:15.599  INFO 4025 --- [    Test worker] c.j.b.s.web.dto.HelloControllerTest      : Started HelloControllerTest in 0.759 seconds (JVM running for 8.233)
]]></system-out>
  <system-err><![CDATA[]]></system-err>
</testsuite>
