<?xml version="1.0" encoding="UTF-8"?>
<testsuite name="com.jojoldu.book.springboot.web.dto.HelloControllerTest" tests="2" skipped="0" failures="0" errors="0" timestamp="2020-10-13T12:32:56" hostname="RISUNGucBookPro" time="0.108">
  <properties/>
  <testcase name="hello가_리턴" classname="com.jojoldu.book.springboot.web.dto.HelloControllerTest" time="0.032"/>
  <testcase name="helloDto가_리턴" classname="com.jojoldu.book.springboot.web.dto.HelloControllerTest" time="0.075"/>
  <system-out><![CDATA[2020-10-13 21:32:55.822  INFO 4492 --- [    Test worker] .b.t.a.w.s.WebMvcTestContextBootstrapper : Neither @ContextConfiguration nor @ContextHierarchy found for test class [com.jojoldu.book.springboot.web.dto.HelloControllerTest], using SpringBootContextLoader
2020-10-13 21:32:55.824  INFO 4492 --- [    Test worker] o.s.t.c.support.AbstractContextLoader    : Could not detect default resource locations for test class [com.jojoldu.book.springboot.web.dto.HelloControllerTest]: no resource found for suffixes {-context.xml, Context.groovy}.
2020-10-13 21:32:55.824  INFO 4492 --- [    Test worker] t.c.s.AnnotationConfigContextLoaderUtils : Could not detect default configuration classes for test class [com.jojoldu.book.springboot.web.dto.HelloControllerTest]: HelloControllerTest does not declare any static, non-private, non-final, nested classes annotated with @Configuration.
2020-10-13 21:32:55.841  INFO 4492 --- [    Test worker] .b.t.c.SpringBootTestContextBootstrapper : Found @SpringBootConfiguration com.jojoldu.book.springboot.Application for test class com.jojoldu.book.springboot.web.dto.HelloControllerTest
2020-10-13 21:32:55.842  INFO 4492 --- [    Test worker] .b.t.a.w.s.WebMvcTestContextBootstrapper : Loaded default TestExecutionListener class names from location [META-INF/spring.factories]: [org.springframework.security.test.context.support.WithSecurityContextTestExecutionListener, org.springframework.security.test.context.support.ReactorContextTestExecutionListener, org.springframework.boot.test.autoconfigure.restdocs.RestDocsTestExecutionListener, org.springframework.boot.test.autoconfigure.web.client.MockRestServiceServerResetTestExecutionListener, org.springframework.boot.test.autoconfigure.web.servlet.MockMvcPrintOnlyOnFailureTestExecutionListener, org.springframework.boot.test.autoconfigure.web.servlet.WebDriverTestExecutionListener, org.springframework.boot.test.mock.mockito.MockitoTestExecutionListener, org.springframework.boot.test.mock.mockito.ResetMocksTestExecutionListener, org.springframework.test.context.web.ServletTestExecutionListener, org.springframework.test.context.support.DirtiesContextBeforeModesTestExecutionListener, org.springframework.test.context.support.DependencyInjectionTestExecutionListener, org.springframework.test.context.support.DirtiesContextTestExecutionListener, org.springframework.test.context.transaction.TransactionalTestExecutionListener, org.springframework.test.context.jdbc.SqlScriptsTestExecutionListener]
2020-10-13 21:32:55.842  INFO 4492 --- [    Test worker] .b.t.a.w.s.WebMvcTestContextBootstrapper : Using TestExecutionListeners: [org.springframework.test.context.web.ServletTestExecutionListener@2967db8b, org.springframework.test.context.support.DirtiesContextBeforeModesTestExecutionListener@1e2f13bd, org.springframework.boot.test.mock.mockito.MockitoTestExecutionListener@1e969cef, org.springframework.boot.test.autoconfigure.SpringBootDependencyInjectionTestExecutionListener@5dfd8eba, org.springframework.test.context.support.DirtiesContextTestExecutionListener@4ad1ad0d, org.springframework.test.context.transaction.TransactionalTestExecutionListener@2c85ed11, org.springframework.test.context.jdbc.SqlScriptsTestExecutionListener@65e6d8a, org.springframework.security.test.context.support.WithSecurityContextTestExecutionListener@37e7bba5, org.springframework.security.test.context.support.ReactorContextTestExecutionListener@7099c191, org.springframework.boot.test.autoconfigure.restdocs.RestDocsTestExecutionListener@73f757f6, org.springframework.boot.test.autoconfigure.web.client.MockRestServiceServerResetTestExecutionListener@630563f, org.springframework.boot.test.autoconfigure.web.servlet.MockMvcPrintOnlyOnFailureTestExecutionListener@c00efcf, org.springframework.boot.test.autoconfigure.web.servlet.WebDriverTestExecutionListener@32ab2297, org.springframework.boot.test.mock.mockito.ResetMocksTestExecutionListener@7b2a9bd3]

  .   ____          _            __ _ _
 /\\ / ___'_ __ _ _(_)_ __  __ _ \ \ \ \
( ( )\___ | '_ | '_| | '_ \/ _` | \ \ \ \
 \\/  ___)| |_)| | | | | || (_| |  ) ) ) )
  '  |____| .__|_| |_|_| |_\__, | / / / /
 =========|_|==============|___/=/_/_/_/
 :: Spring Boot ::        (v2.1.7.RELEASE)

2020-10-13 21:32:55.898  INFO 4492 --- [    Test worker] c.j.b.s.web.dto.HelloControllerTest      : Starting HelloControllerTest on RISUNGucBookPro with PID 4492 (started by rs in /Users/rs/Desktop/spring boot1)
2020-10-13 21:32:55.900  INFO 4492 --- [    Test worker] c.j.b.s.web.dto.HelloControllerTest      : No active profile set, falling back to default profiles: default
2020-10-13 21:32:56.256  INFO 4492 --- [    Test worker] o.s.s.concurrent.ThreadPoolTaskExecutor  : Initializing ExecutorService 'applicationTaskExecutor'
2020-10-13 21:32:56.287  INFO 4492 --- [    Test worker] o.s.b.a.w.s.WelcomePageHandlerMapping    : Adding welcome page template: index
2020-10-13 21:32:56.437  INFO 4492 --- [    Test worker] .s.s.UserDetailsServiceAutoConfiguration : 

Using generated security password: 840d4e85-0fdb-4df1-bc2a-924a5bd93a7b

2020-10-13 21:32:56.528  INFO 4492 --- [    Test worker] o.s.s.web.DefaultSecurityFilterChain     : Creating filter chain: any request, [org.springframework.security.web.context.request.async.WebAsyncManagerIntegrationFilter@24b7a190, org.springframework.security.web.context.SecurityContextPersistenceFilter@6eb45c98, org.springframework.security.web.header.HeaderWriterFilter@7fab809a, org.springframework.security.web.csrf.CsrfFilter@253aa155, org.springframework.security.web.authentication.logout.LogoutFilter@66ac549d, org.springframework.security.web.authentication.UsernamePasswordAuthenticationFilter@55494b34, org.springframework.security.web.authentication.ui.DefaultLoginPageGeneratingFilter@6e19d2e7, org.springframework.security.web.authentication.ui.DefaultLogoutPageGeneratingFilter@42407284, org.springframework.security.web.authentication.www.BasicAuthenticationFilter@46a8062f, org.springframework.security.web.savedrequest.RequestCacheAwareFilter@1f1ddd41, org.springframework.security.web.servletapi.SecurityContextHolderAwareRequestFilter@3c112168, org.springframework.security.web.authentication.AnonymousAuthenticationFilter@445f8d9d, org.springframework.security.web.session.SessionManagementFilter@feba633, org.springframework.security.web.access.ExceptionTranslationFilter@25ba8c5b, org.springframework.security.web.access.intercept.FilterSecurityInterceptor@2fe3f3a]
2020-10-13 21:32:56.545  INFO 4492 --- [    Test worker] o.s.b.t.m.w.SpringBootMockServletContext : Initializing Spring TestDispatcherServlet ''
2020-10-13 21:32:56.545  INFO 4492 --- [    Test worker] o.s.t.web.servlet.TestDispatcherServlet  : Initializing Servlet ''
2020-10-13 21:32:56.548  INFO 4492 --- [    Test worker] o.s.t.web.servlet.TestDispatcherServlet  : Completed initialization in 3 ms
2020-10-13 21:32:56.576  INFO 4492 --- [    Test worker] c.j.b.s.web.dto.HelloControllerTest      : Started HelloControllerTest in 0.728 seconds (JVM running for 7.059)
]]></system-out>
  <system-err><![CDATA[]]></system-err>
</testsuite>
