<?xml version="1.0" encoding="UTF-8"?>
<testsuite name="com.jojoldu.book.springboot.domain.posts.PostsRepositoryTest" tests="2" skipped="0" failures="0" errors="0" timestamp="2020-10-19T14:07:11" hostname="RISUNGucBookPro" time="0.031">
  <properties/>
  <testcase name="게시글저장_불러오기" classname="com.jojoldu.book.springboot.domain.posts.PostsRepositoryTest" time="0.02"/>
  <testcase name="BaseTimeEntity_등록" classname="com.jojoldu.book.springboot.domain.posts.PostsRepositoryTest" time="0.01"/>
  <system-out><![CDATA[2020-10-19 23:07:10.704  INFO 825 --- [    Test worker] .b.t.c.SpringBootTestContextBootstrapper : Neither @ContextConfiguration nor @ContextHierarchy found for test class [com.jojoldu.book.springboot.domain.posts.PostsRepositoryTest], using SpringBootContextLoader
2020-10-19 23:07:10.705  INFO 825 --- [    Test worker] o.s.t.c.support.AbstractContextLoader    : Could not detect default resource locations for test class [com.jojoldu.book.springboot.domain.posts.PostsRepositoryTest]: no resource found for suffixes {-context.xml, Context.groovy}.
2020-10-19 23:07:10.705  INFO 825 --- [    Test worker] t.c.s.AnnotationConfigContextLoaderUtils : Could not detect default configuration classes for test class [com.jojoldu.book.springboot.domain.posts.PostsRepositoryTest]: PostsRepositoryTest does not declare any static, non-private, non-final, nested classes annotated with @Configuration.
2020-10-19 23:07:10.714  INFO 825 --- [    Test worker] .b.t.c.SpringBootTestContextBootstrapper : Found @SpringBootConfiguration com.jojoldu.book.springboot.Application for test class com.jojoldu.book.springboot.domain.posts.PostsRepositoryTest
2020-10-19 23:07:10.715  INFO 825 --- [    Test worker] .b.t.c.SpringBootTestContextBootstrapper : Loaded default TestExecutionListener class names from location [META-INF/spring.factories]: [org.springframework.security.test.context.support.WithSecurityContextTestExecutionListener, org.springframework.security.test.context.support.ReactorContextTestExecutionListener, org.springframework.boot.test.autoconfigure.restdocs.RestDocsTestExecutionListener, org.springframework.boot.test.autoconfigure.web.client.MockRestServiceServerResetTestExecutionListener, org.springframework.boot.test.autoconfigure.web.servlet.MockMvcPrintOnlyOnFailureTestExecutionListener, org.springframework.boot.test.autoconfigure.web.servlet.WebDriverTestExecutionListener, org.springframework.boot.test.mock.mockito.MockitoTestExecutionListener, org.springframework.boot.test.mock.mockito.ResetMocksTestExecutionListener, org.springframework.test.context.web.ServletTestExecutionListener, org.springframework.test.context.support.DirtiesContextBeforeModesTestExecutionListener, org.springframework.test.context.support.DependencyInjectionTestExecutionListener, org.springframework.test.context.support.DirtiesContextTestExecutionListener, org.springframework.test.context.transaction.TransactionalTestExecutionListener, org.springframework.test.context.jdbc.SqlScriptsTestExecutionListener]
2020-10-19 23:07:10.715  INFO 825 --- [    Test worker] .b.t.c.SpringBootTestContextBootstrapper : Using TestExecutionListeners: [org.springframework.test.context.web.ServletTestExecutionListener@4d30c978, org.springframework.test.context.support.DirtiesContextBeforeModesTestExecutionListener@6df60c5a, org.springframework.boot.test.mock.mockito.MockitoTestExecutionListener@624d78fe, org.springframework.boot.test.autoconfigure.SpringBootDependencyInjectionTestExecutionListener@3ded53a6, org.springframework.test.context.support.DirtiesContextTestExecutionListener@765d266a, org.springframework.test.context.transaction.TransactionalTestExecutionListener@2b947027, org.springframework.test.context.jdbc.SqlScriptsTestExecutionListener@22176723, org.springframework.security.test.context.support.WithSecurityContextTestExecutionListener@753060a4, org.springframework.security.test.context.support.ReactorContextTestExecutionListener@6a41661e, org.springframework.boot.test.autoconfigure.restdocs.RestDocsTestExecutionListener@625c2639, org.springframework.boot.test.autoconfigure.web.client.MockRestServiceServerResetTestExecutionListener@7b6b6b2e, org.springframework.boot.test.autoconfigure.web.servlet.MockMvcPrintOnlyOnFailureTestExecutionListener@d2801a7, org.springframework.boot.test.autoconfigure.web.servlet.WebDriverTestExecutionListener@6cb8f78a, org.springframework.boot.test.mock.mockito.ResetMocksTestExecutionListener@6fd679ca]

  .   ____          _            __ _ _
 /\\ / ___'_ __ _ _(_)_ __  __ _ \ \ \ \
( ( )\___ | '_ | '_| | '_ \/ _` | \ \ \ \
 \\/  ___)| |_)| | | | | || (_| |  ) ) ) )
  '  |____| .__|_| |_|_| |_\__, | / / / /
 =========|_|==============|___/=/_/_/_/
 :: Spring Boot ::        (v2.1.7.RELEASE)

2020-10-19 23:07:10.743  INFO 825 --- [    Test worker] c.j.b.s.d.posts.PostsRepositoryTest      : Starting PostsRepositoryTest on RISUNGucBookPro with PID 825 (started by rs in /Users/rs/Desktop/spring boot1)
2020-10-19 23:07:10.743  INFO 825 --- [    Test worker] c.j.b.s.d.posts.PostsRepositoryTest      : No active profile set, falling back to default profiles: default
2020-10-19 23:07:10.926  INFO 825 --- [    Test worker] .s.d.r.c.RepositoryConfigurationDelegate : Bootstrapping Spring Data repositories in DEFAULT mode.
2020-10-19 23:07:10.938  INFO 825 --- [    Test worker] .s.d.r.c.RepositoryConfigurationDelegate : Finished Spring Data repository scanning in 12ms. Found 2 repository interfaces.
2020-10-19 23:07:11.035  INFO 825 --- [    Test worker] trationDelegate$BeanPostProcessorChecker : Bean 'org.springframework.transaction.annotation.ProxyTransactionManagementConfiguration' of type [org.springframework.transaction.annotation.ProxyTransactionManagementConfiguration$$EnhancerBySpringCGLIB$$b89b9afe] is not eligible for getting processed by all BeanPostProcessors (for example: not eligible for auto-proxying)
2020-10-19 23:07:11.113  INFO 825 --- [    Test worker] com.zaxxer.hikari.HikariDataSource       : HikariPool-2 - Starting...
2020-10-19 23:07:11.114  INFO 825 --- [    Test worker] com.zaxxer.hikari.HikariDataSource       : HikariPool-2 - Start completed.
2020-10-19 23:07:11.137  INFO 825 --- [    Test worker] o.hibernate.jpa.internal.util.LogHelper  : HHH000204: Processing PersistenceUnitInfo [
	name: default
	...]
2020-10-19 23:07:11.146  INFO 825 --- [    Test worker] org.hibernate.dialect.Dialect            : HHH000400: Using dialect: org.hibernate.dialect.MySQL5InnoDBDialect
Hibernate: drop table if exists posts
Hibernate: drop table if exists user
Hibernate: create table posts (id bigint not null auto_increment, create_date datetime, modified_date datetime, author varchar(255), contents TEXT not null, title varchar(500) not null, primary key (id)) engine=InnoDB
Hibernate: create table user (id bigint not null auto_increment, create_date datetime, modified_date datetime, email varchar(255) not null, name varchar(255) not null, picture varchar(255), role varchar(255) not null, primary key (id)) engine=InnoDB
2020-10-19 23:07:11.214  INFO 825 --- [    Test worker] o.h.t.schema.internal.SchemaCreatorImpl  : HHH000476: Executing import script 'org.hibernate.tool.schema.internal.exec.ScriptSourceInputNonExistentImpl@52dc7eed'
2020-10-19 23:07:11.215  INFO 825 --- [    Test worker] j.LocalContainerEntityManagerFactoryBean : Initialized JPA EntityManagerFactory for persistence unit 'default'
2020-10-19 23:07:11.358  INFO 825 --- [    Test worker] o.h.h.i.QueryTranslatorFactoryInitiator  : HHH000397: Using ASTQueryTranslatorFactory
2020-10-19 23:07:11.469  INFO 825 --- [    Test worker] o.s.s.web.DefaultSecurityFilterChain     : Creating filter chain: any request, [org.springframework.security.web.context.request.async.WebAsyncManagerIntegrationFilter@4f1578af, org.springframework.security.web.context.SecurityContextPersistenceFilter@729ce238, org.springframework.security.web.header.HeaderWriterFilter@401645a2, org.springframework.security.web.authentication.logout.LogoutFilter@7c3b080b, org.springframework.security.oauth2.client.web.OAuth2AuthorizationRequestRedirectFilter@24697637, org.springframework.security.oauth2.client.web.OAuth2LoginAuthenticationFilter@6e022690, org.springframework.security.web.authentication.ui.DefaultLoginPageGeneratingFilter@6923aa35, org.springframework.security.web.authentication.ui.DefaultLogoutPageGeneratingFilter@471a6cb2, org.springframework.security.web.savedrequest.RequestCacheAwareFilter@3eff3ca2, org.springframework.security.web.servletapi.SecurityContextHolderAwareRequestFilter@4cb6458a, org.springframework.security.web.authentication.AnonymousAuthenticationFilter@282d72a8, org.springframework.security.web.session.SessionManagementFilter@18c7beef, org.springframework.security.web.access.ExceptionTranslationFilter@5ad2cfb6, org.springframework.security.web.access.intercept.FilterSecurityInterceptor@29942275]
2020-10-19 23:07:11.679  INFO 825 --- [    Test worker] o.s.s.concurrent.ThreadPoolTaskExecutor  : Initializing ExecutorService 'applicationTaskExecutor'
2020-10-19 23:07:11.690  WARN 825 --- [    Test worker] aWebConfiguration$JpaWebMvcConfiguration : spring.jpa.open-in-view is enabled by default. Therefore, database queries may be performed during view rendering. Explicitly configure spring.jpa.open-in-view to disable this warning
2020-10-19 23:07:11.707  INFO 825 --- [    Test worker] o.s.b.a.w.s.WelcomePageHandlerMapping    : Adding welcome page template: index
2020-10-19 23:07:11.969  INFO 825 --- [    Test worker] s.a.ScheduledAnnotationBeanPostProcessor : No TaskScheduler/ScheduledExecutorService bean found for scheduled processing
2020-10-19 23:07:11.970  INFO 825 --- [    Test worker] c.j.b.s.d.posts.PostsRepositoryTest      : Started PostsRepositoryTest in 1.253 seconds (JVM running for 9.983)
Hibernate: insert into posts (create_date, modified_date, author, contents, title) values (?, ?, ?, ?, ?)
Hibernate: select posts0_.id as id1_0_, posts0_.create_date as create_d2_0_, posts0_.modified_date as modified3_0_, posts0_.author as author4_0_, posts0_.contents as contents5_0_, posts0_.title as title6_0_ from posts posts0_
Hibernate: select posts0_.id as id1_0_, posts0_.create_date as create_d2_0_, posts0_.modified_date as modified3_0_, posts0_.author as author4_0_, posts0_.contents as contents5_0_, posts0_.title as title6_0_ from posts posts0_
Hibernate: delete from posts where id=?
Hibernate: insert into posts (create_date, modified_date, author, contents, title) values (?, ?, ?, ?, ?)
Hibernate: select posts0_.id as id1_0_, posts0_.create_date as create_d2_0_, posts0_.modified_date as modified3_0_, posts0_.author as author4_0_, posts0_.contents as contents5_0_, posts0_.title as title6_0_ from posts posts0_
>>>>>>>> createDate2020-10-19T23:07:11.998, modiefiedDate=2020-10-19T23:07:11.998
Hibernate: select posts0_.id as id1_0_, posts0_.create_date as create_d2_0_, posts0_.modified_date as modified3_0_, posts0_.author as author4_0_, posts0_.contents as contents5_0_, posts0_.title as title6_0_ from posts posts0_
Hibernate: delete from posts where id=?
]]></system-out>
  <system-err><![CDATA[]]></system-err>
</testsuite>
