<?xml version="1.0" encoding="UTF-8"?>
<testsuite name="com.jojoldu.book.springboot.web.dto.PostsApiControllerTest" tests="2" skipped="0" failures="0" errors="0" timestamp="2020-10-10T12:28:25" hostname="RISUNGucBookPro" time="0.18">
  <properties/>
  <testcase name="Posts_등록된다" classname="com.jojoldu.book.springboot.web.dto.PostsApiControllerTest" time="0.151"/>
  <testcase name="Posts_수정된다" classname="com.jojoldu.book.springboot.web.dto.PostsApiControllerTest" time="0.028"/>
  <system-out><![CDATA[2020-10-10 21:28:25.742  INFO 4498 --- [    Test worker] .b.t.c.SpringBootTestContextBootstrapper : Neither @ContextConfiguration nor @ContextHierarchy found for test class [com.jojoldu.book.springboot.web.dto.PostsApiControllerTest], using SpringBootContextLoader
2020-10-10 21:28:25.743  INFO 4498 --- [    Test worker] o.s.t.c.support.AbstractContextLoader    : Could not detect default resource locations for test class [com.jojoldu.book.springboot.web.dto.PostsApiControllerTest]: no resource found for suffixes {-context.xml, Context.groovy}.
2020-10-10 21:28:25.743  INFO 4498 --- [    Test worker] t.c.s.AnnotationConfigContextLoaderUtils : Could not detect default configuration classes for test class [com.jojoldu.book.springboot.web.dto.PostsApiControllerTest]: PostsApiControllerTest does not declare any static, non-private, non-final, nested classes annotated with @Configuration.
2020-10-10 21:28:25.745  INFO 4498 --- [    Test worker] .b.t.c.SpringBootTestContextBootstrapper : Found @SpringBootConfiguration com.jojoldu.book.springboot.Application for test class com.jojoldu.book.springboot.web.dto.PostsApiControllerTest
2020-10-10 21:28:25.746  INFO 4498 --- [    Test worker] .b.t.c.SpringBootTestContextBootstrapper : Loaded default TestExecutionListener class names from location [META-INF/spring.factories]: [org.springframework.security.test.context.support.WithSecurityContextTestExecutionListener, org.springframework.security.test.context.support.ReactorContextTestExecutionListener, org.springframework.boot.test.autoconfigure.restdocs.RestDocsTestExecutionListener, org.springframework.boot.test.autoconfigure.web.client.MockRestServiceServerResetTestExecutionListener, org.springframework.boot.test.autoconfigure.web.servlet.MockMvcPrintOnlyOnFailureTestExecutionListener, org.springframework.boot.test.autoconfigure.web.servlet.WebDriverTestExecutionListener, org.springframework.boot.test.mock.mockito.MockitoTestExecutionListener, org.springframework.boot.test.mock.mockito.ResetMocksTestExecutionListener, org.springframework.test.context.web.ServletTestExecutionListener, org.springframework.test.context.support.DirtiesContextBeforeModesTestExecutionListener, org.springframework.test.context.support.DependencyInjectionTestExecutionListener, org.springframework.test.context.support.DirtiesContextTestExecutionListener, org.springframework.test.context.transaction.TransactionalTestExecutionListener, org.springframework.test.context.jdbc.SqlScriptsTestExecutionListener]
2020-10-10 21:28:25.747  INFO 4498 --- [    Test worker] .b.t.c.SpringBootTestContextBootstrapper : Using TestExecutionListeners: [org.springframework.test.context.web.ServletTestExecutionListener@2a2f915d, org.springframework.test.context.support.DirtiesContextBeforeModesTestExecutionListener@47a19a28, org.springframework.boot.test.mock.mockito.MockitoTestExecutionListener@46b4cb10, org.springframework.boot.test.autoconfigure.SpringBootDependencyInjectionTestExecutionListener@292e3196, org.springframework.test.context.support.DirtiesContextTestExecutionListener@7fdde897, org.springframework.test.context.transaction.TransactionalTestExecutionListener@34e64d9e, org.springframework.test.context.jdbc.SqlScriptsTestExecutionListener@54eaec59, org.springframework.security.test.context.support.WithSecurityContextTestExecutionListener@c10d5d3, org.springframework.security.test.context.support.ReactorContextTestExecutionListener@1c190d96, org.springframework.boot.test.autoconfigure.restdocs.RestDocsTestExecutionListener@1a953936, org.springframework.boot.test.autoconfigure.web.client.MockRestServiceServerResetTestExecutionListener@199e9619, org.springframework.boot.test.autoconfigure.web.servlet.MockMvcPrintOnlyOnFailureTestExecutionListener@132a76b4, org.springframework.boot.test.autoconfigure.web.servlet.WebDriverTestExecutionListener@478bacfa, org.springframework.boot.test.mock.mockito.ResetMocksTestExecutionListener@746471b4]
2020-10-10 21:28:25.755  INFO 4498 --- [    Test worker] o.a.c.c.C.[Tomcat].[localhost].[/]       : Initializing Spring TestDispatcherServlet ''
2020-10-10 21:28:25.755  INFO 4498 --- [    Test worker] o.s.t.web.servlet.TestDispatcherServlet  : Initializing Servlet ''
2020-10-10 21:28:25.758  INFO 4498 --- [    Test worker] o.s.t.web.servlet.TestDispatcherServlet  : Completed initialization in 3 ms
Hibernate: insert into posts (created_date, modified_date, author, contents, title) values (?, ?, ?, ?, ?)
Hibernate: select posts0_.id as id1_0_, posts0_.created_date as created_2_0_, posts0_.modified_date as modified3_0_, posts0_.author as author4_0_, posts0_.contents as contents5_0_, posts0_.title as title6_0_ from posts posts0_
Hibernate: select posts0_.id as id1_0_, posts0_.created_date as created_2_0_, posts0_.modified_date as modified3_0_, posts0_.author as author4_0_, posts0_.contents as contents5_0_, posts0_.title as title6_0_ from posts posts0_
Hibernate: delete from posts where id=?
2020-10-10 21:28:25.905  INFO 4498 --- [    Test worker] o.a.c.c.C.[Tomcat].[localhost].[/]       : Initializing Spring TestDispatcherServlet ''
2020-10-10 21:28:25.905  INFO 4498 --- [    Test worker] o.s.t.web.servlet.TestDispatcherServlet  : Initializing Servlet ''
2020-10-10 21:28:25.908  INFO 4498 --- [    Test worker] o.s.t.web.servlet.TestDispatcherServlet  : Completed initialization in 3 ms
Hibernate: insert into posts (created_date, modified_date, author, contents, title) values (?, ?, ?, ?, ?)
Hibernate: select posts0_.id as id1_0_0_, posts0_.created_date as created_2_0_0_, posts0_.modified_date as modified3_0_0_, posts0_.author as author4_0_0_, posts0_.contents as contents5_0_0_, posts0_.title as title6_0_0_ from posts posts0_ where posts0_.id=?
Hibernate: update posts set created_date=?, modified_date=?, author=?, contents=?, title=? where id=?
Hibernate: select posts0_.id as id1_0_, posts0_.created_date as created_2_0_, posts0_.modified_date as modified3_0_, posts0_.author as author4_0_, posts0_.contents as contents5_0_, posts0_.title as title6_0_ from posts posts0_
Hibernate: select posts0_.id as id1_0_, posts0_.created_date as created_2_0_, posts0_.modified_date as modified3_0_, posts0_.author as author4_0_, posts0_.contents as contents5_0_, posts0_.title as title6_0_ from posts posts0_
Hibernate: delete from posts where id=?
]]></system-out>
  <system-err><![CDATA[]]></system-err>
</testsuite>
