<?xml version="1.0" encoding="UTF-8"?>
<testsuite name="com.jojoldu.book.springboot.HelloControllerTest" tests="2" skipped="0" failures="0" errors="0" timestamp="2020-10-10T12:28:27" hostname="RISUNGucBookPro" time="0.011">
  <properties/>
  <testcase name="hello가_리턴" classname="com.jojoldu.book.springboot.HelloControllerTest" time="0.005"/>
  <testcase name="helloDto가_리턴" classname="com.jojoldu.book.springboot.HelloControllerTest" time="0.005"/>
  <system-out><![CDATA[2020-10-10 21:28:27.301  INFO 4498 --- [    Test worker] .b.t.a.w.s.WebMvcTestContextBootstrapper : Neither @ContextConfiguration nor @ContextHierarchy found for test class [com.jojoldu.book.springboot.HelloControllerTest], using SpringBootContextLoader
2020-10-10 21:28:27.302  INFO 4498 --- [    Test worker] o.s.t.c.support.AbstractContextLoader    : Could not detect default resource locations for test class [com.jojoldu.book.springboot.HelloControllerTest]: no resource found for suffixes {-context.xml, Context.groovy}.
2020-10-10 21:28:27.302  INFO 4498 --- [    Test worker] t.c.s.AnnotationConfigContextLoaderUtils : Could not detect default configuration classes for test class [com.jojoldu.book.springboot.HelloControllerTest]: HelloControllerTest does not declare any static, non-private, non-final, nested classes annotated with @Configuration.
2020-10-10 21:28:27.311  INFO 4498 --- [    Test worker] .b.t.c.SpringBootTestContextBootstrapper : Found @SpringBootConfiguration com.jojoldu.book.springboot.Application for test class com.jojoldu.book.springboot.HelloControllerTest
2020-10-10 21:28:27.311  INFO 4498 --- [    Test worker] .b.t.a.w.s.WebMvcTestContextBootstrapper : Loaded default TestExecutionListener class names from location [META-INF/spring.factories]: [org.springframework.security.test.context.support.WithSecurityContextTestExecutionListener, org.springframework.security.test.context.support.ReactorContextTestExecutionListener, org.springframework.boot.test.autoconfigure.restdocs.RestDocsTestExecutionListener, org.springframework.boot.test.autoconfigure.web.client.MockRestServiceServerResetTestExecutionListener, org.springframework.boot.test.autoconfigure.web.servlet.MockMvcPrintOnlyOnFailureTestExecutionListener, org.springframework.boot.test.autoconfigure.web.servlet.WebDriverTestExecutionListener, org.springframework.boot.test.mock.mockito.MockitoTestExecutionListener, org.springframework.boot.test.mock.mockito.ResetMocksTestExecutionListener, org.springframework.test.context.web.ServletTestExecutionListener, org.springframework.test.context.support.DirtiesContextBeforeModesTestExecutionListener, org.springframework.test.context.support.DependencyInjectionTestExecutionListener, org.springframework.test.context.support.DirtiesContextTestExecutionListener, org.springframework.test.context.transaction.TransactionalTestExecutionListener, org.springframework.test.context.jdbc.SqlScriptsTestExecutionListener]
2020-10-10 21:28:27.313  INFO 4498 --- [    Test worker] .b.t.a.w.s.WebMvcTestContextBootstrapper : Using TestExecutionListeners: [org.springframework.test.context.web.ServletTestExecutionListener@73c2376, org.springframework.test.context.support.DirtiesContextBeforeModesTestExecutionListener@38a5fa49, org.springframework.boot.test.mock.mockito.MockitoTestExecutionListener@7e53930f, org.springframework.boot.test.autoconfigure.SpringBootDependencyInjectionTestExecutionListener@7ba7e4e6, org.springframework.test.context.support.DirtiesContextTestExecutionListener@1de64f77, org.springframework.test.context.transaction.TransactionalTestExecutionListener@a069930, org.springframework.test.context.jdbc.SqlScriptsTestExecutionListener@682fb894, org.springframework.security.test.context.support.WithSecurityContextTestExecutionListener@2c6bf1a3, org.springframework.security.test.context.support.ReactorContextTestExecutionListener@3599eae, org.springframework.boot.test.autoconfigure.restdocs.RestDocsTestExecutionListener@3da858ec, org.springframework.boot.test.autoconfigure.web.client.MockRestServiceServerResetTestExecutionListener@28d6bcd5, org.springframework.boot.test.autoconfigure.web.servlet.MockMvcPrintOnlyOnFailureTestExecutionListener@5b43b685, org.springframework.boot.test.autoconfigure.web.servlet.WebDriverTestExecutionListener@14a0ffad, org.springframework.boot.test.mock.mockito.ResetMocksTestExecutionListener@6b30aaed]
]]></system-out>
  <system-err><![CDATA[]]></system-err>
</testsuite>
