<?xml version="1.0" encoding="UTF-8"?>
<testsuite name="com.jojoldu.book.springboot.web.dto.HelloControllerTest" tests="2" skipped="0" failures="0" errors="0" timestamp="2020-10-10T12:28:25" hostname="RISUNGucBookPro" time="0.112">
  <properties/>
  <testcase name="hello가_리턴" classname="com.jojoldu.book.springboot.web.dto.HelloControllerTest" time="0.032"/>
  <testcase name="helloDto가_리턴" classname="com.jojoldu.book.springboot.web.dto.HelloControllerTest" time="0.079"/>
  <system-out><![CDATA[2020-10-10 21:28:24.813  INFO 4498 --- [    Test worker] .b.t.a.w.s.WebMvcTestContextBootstrapper : Neither @ContextConfiguration nor @ContextHierarchy found for test class [com.jojoldu.book.springboot.web.dto.HelloControllerTest], using SpringBootContextLoader
2020-10-10 21:28:24.814  INFO 4498 --- [    Test worker] o.s.t.c.support.AbstractContextLoader    : Could not detect default resource locations for test class [com.jojoldu.book.springboot.web.dto.HelloControllerTest]: no resource found for suffixes {-context.xml, Context.groovy}.
2020-10-10 21:28:24.814  INFO 4498 --- [    Test worker] t.c.s.AnnotationConfigContextLoaderUtils : Could not detect default configuration classes for test class [com.jojoldu.book.springboot.web.dto.HelloControllerTest]: HelloControllerTest does not declare any static, non-private, non-final, nested classes annotated with @Configuration.
2020-10-10 21:28:24.847  INFO 4498 --- [    Test worker] .b.t.c.SpringBootTestContextBootstrapper : Found @SpringBootConfiguration com.jojoldu.book.springboot.Application for test class com.jojoldu.book.springboot.web.dto.HelloControllerTest
2020-10-10 21:28:24.848  INFO 4498 --- [    Test worker] .b.t.a.w.s.WebMvcTestContextBootstrapper : Loaded default TestExecutionListener class names from location [META-INF/spring.factories]: [org.springframework.security.test.context.support.WithSecurityContextTestExecutionListener, org.springframework.security.test.context.support.ReactorContextTestExecutionListener, org.springframework.boot.test.autoconfigure.restdocs.RestDocsTestExecutionListener, org.springframework.boot.test.autoconfigure.web.client.MockRestServiceServerResetTestExecutionListener, org.springframework.boot.test.autoconfigure.web.servlet.MockMvcPrintOnlyOnFailureTestExecutionListener, org.springframework.boot.test.autoconfigure.web.servlet.WebDriverTestExecutionListener, org.springframework.boot.test.mock.mockito.MockitoTestExecutionListener, org.springframework.boot.test.mock.mockito.ResetMocksTestExecutionListener, org.springframework.test.context.web.ServletTestExecutionListener, org.springframework.test.context.support.DirtiesContextBeforeModesTestExecutionListener, org.springframework.test.context.support.DependencyInjectionTestExecutionListener, org.springframework.test.context.support.DirtiesContextTestExecutionListener, org.springframework.test.context.transaction.TransactionalTestExecutionListener, org.springframework.test.context.jdbc.SqlScriptsTestExecutionListener]
2020-10-10 21:28:24.849  INFO 4498 --- [    Test worker] .b.t.a.w.s.WebMvcTestContextBootstrapper : Using TestExecutionListeners: [org.springframework.test.context.web.ServletTestExecutionListener@2d6f3ba5, org.springframework.test.context.support.DirtiesContextBeforeModesTestExecutionListener@5ea7530f, org.springframework.boot.test.mock.mockito.MockitoTestExecutionListener@351fa45, org.springframework.boot.test.autoconfigure.SpringBootDependencyInjectionTestExecutionListener@71551988, org.springframework.test.context.support.DirtiesContextTestExecutionListener@2533a614, org.springframework.test.context.transaction.TransactionalTestExecutionListener@4168b696, org.springframework.test.context.jdbc.SqlScriptsTestExecutionListener@4d67ef2c, org.springframework.security.test.context.support.WithSecurityContextTestExecutionListener@14a73651, org.springframework.security.test.context.support.ReactorContextTestExecutionListener@2c1c21d7, org.springframework.boot.test.autoconfigure.restdocs.RestDocsTestExecutionListener@28c4fec4, org.springframework.boot.test.autoconfigure.web.client.MockRestServiceServerResetTestExecutionListener@5a286a7f, org.springframework.boot.test.autoconfigure.web.servlet.MockMvcPrintOnlyOnFailureTestExecutionListener@7790dad5, org.springframework.boot.test.autoconfigure.web.servlet.WebDriverTestExecutionListener@3a4f5f69, org.springframework.boot.test.mock.mockito.ResetMocksTestExecutionListener@3572a43a]

  .   ____          _            __ _ _
 /\\ / ___'_ __ _ _(_)_ __  __ _ \ \ \ \
( ( )\___ | '_ | '_| | '_ \/ _` | \ \ \ \
 \\/  ___)| |_)| | | | | || (_| |  ) ) ) )
  '  |____| .__|_| |_|_| |_\__, | / / / /
 =========|_|==============|___/=/_/_/_/
 :: Spring Boot ::        (v2.1.7.RELEASE)

2020-10-10 21:28:24.894  INFO 4498 --- [    Test worker] c.j.b.s.web.dto.HelloControllerTest      : Starting HelloControllerTest on RISUNGucBookPro with PID 4498 (started by rs in /Users/rs/Desktop/spring boot1)
2020-10-10 21:28:24.896  INFO 4498 --- [    Test worker] c.j.b.s.web.dto.HelloControllerTest      : No active profile set, falling back to default profiles: default
2020-10-10 21:28:25.242  INFO 4498 --- [    Test worker] o.s.s.concurrent.ThreadPoolTaskExecutor  : Initializing ExecutorService 'applicationTaskExecutor'
2020-10-10 21:28:25.269  INFO 4498 --- [    Test worker] o.s.b.a.w.s.WelcomePageHandlerMapping    : Adding welcome page template: index
2020-10-10 21:28:25.436  INFO 4498 --- [    Test worker] .s.s.UserDetailsServiceAutoConfiguration : 

Using generated security password: cbfd5a0b-69f9-4a33-9ad6-1bd12ea5a0cb

2020-10-10 21:28:25.550  INFO 4498 --- [    Test worker] o.s.s.web.DefaultSecurityFilterChain     : Creating filter chain: any request, [org.springframework.security.web.context.request.async.WebAsyncManagerIntegrationFilter@2a00f2e5, org.springframework.security.web.context.SecurityContextPersistenceFilter@1a2ee150, org.springframework.security.web.header.HeaderWriterFilter@aff4375, org.springframework.security.web.csrf.CsrfFilter@54472655, org.springframework.security.web.authentication.logout.LogoutFilter@16327ed3, org.springframework.security.web.authentication.UsernamePasswordAuthenticationFilter@454eca51, org.springframework.security.web.authentication.ui.DefaultLoginPageGeneratingFilter@2bc28cdb, org.springframework.security.web.authentication.ui.DefaultLogoutPageGeneratingFilter@7688d60a, org.springframework.security.web.authentication.www.BasicAuthenticationFilter@3a55fae6, org.springframework.security.web.savedrequest.RequestCacheAwareFilter@1a48487, org.springframework.security.web.servletapi.SecurityContextHolderAwareRequestFilter@71b09b2d, org.springframework.security.web.authentication.AnonymousAuthenticationFilter@639f80f7, org.springframework.security.web.session.SessionManagementFilter@67e7b9f1, org.springframework.security.web.access.ExceptionTranslationFilter@69ee5fe5, org.springframework.security.web.access.intercept.FilterSecurityInterceptor@20e65f8b]
2020-10-10 21:28:25.567  INFO 4498 --- [    Test worker] o.s.b.t.m.w.SpringBootMockServletContext : Initializing Spring TestDispatcherServlet ''
2020-10-10 21:28:25.568  INFO 4498 --- [    Test worker] o.s.t.web.servlet.TestDispatcherServlet  : Initializing Servlet ''
2020-10-10 21:28:25.573  INFO 4498 --- [    Test worker] o.s.t.web.servlet.TestDispatcherServlet  : Completed initialization in 5 ms
2020-10-10 21:28:25.601  INFO 4498 --- [    Test worker] c.j.b.s.web.dto.HelloControllerTest      : Started HelloControllerTest in 0.741 seconds (JVM running for 7.136)
]]></system-out>
  <system-err><![CDATA[]]></system-err>
</testsuite>
