<?xml version="1.0" encoding="UTF-8"?>
<testsuite name="com.jojoldu.book.springboot.web.dto.PostsApiControllerTest" tests="2" skipped="0" failures="0" errors="0" timestamp="2020-10-19T14:07:10" hostname="RISUNGucBookPro" time="0.228">
  <properties/>
  <testcase name="Posts_등록된다" classname="com.jojoldu.book.springboot.web.dto.PostsApiControllerTest" time="0.181"/>
  <testcase name="Posts_수정된다" classname="com.jojoldu.book.springboot.web.dto.PostsApiControllerTest" time="0.046"/>
  <system-out><![CDATA[2020-10-19 23:07:10.463  INFO 825 --- [    Test worker] .b.t.c.SpringBootTestContextBootstrapper : Neither @ContextConfiguration nor @ContextHierarchy found for test class [com.jojoldu.book.springboot.web.dto.PostsApiControllerTest], using SpringBootContextLoader
2020-10-19 23:07:10.464  INFO 825 --- [    Test worker] o.s.t.c.support.AbstractContextLoader    : Could not detect default resource locations for test class [com.jojoldu.book.springboot.web.dto.PostsApiControllerTest]: no resource found for suffixes {-context.xml, Context.groovy}.
2020-10-19 23:07:10.464  INFO 825 --- [    Test worker] t.c.s.AnnotationConfigContextLoaderUtils : Could not detect default configuration classes for test class [com.jojoldu.book.springboot.web.dto.PostsApiControllerTest]: PostsApiControllerTest does not declare any static, non-private, non-final, nested classes annotated with @Configuration.
2020-10-19 23:07:10.466  INFO 825 --- [    Test worker] .b.t.c.SpringBootTestContextBootstrapper : Found @SpringBootConfiguration com.jojoldu.book.springboot.Application for test class com.jojoldu.book.springboot.web.dto.PostsApiControllerTest
2020-10-19 23:07:10.467  INFO 825 --- [    Test worker] .b.t.c.SpringBootTestContextBootstrapper : Loaded default TestExecutionListener class names from location [META-INF/spring.factories]: [org.springframework.security.test.context.support.WithSecurityContextTestExecutionListener, org.springframework.security.test.context.support.ReactorContextTestExecutionListener, org.springframework.boot.test.autoconfigure.restdocs.RestDocsTestExecutionListener, org.springframework.boot.test.autoconfigure.web.client.MockRestServiceServerResetTestExecutionListener, org.springframework.boot.test.autoconfigure.web.servlet.MockMvcPrintOnlyOnFailureTestExecutionListener, org.springframework.boot.test.autoconfigure.web.servlet.WebDriverTestExecutionListener, org.springframework.boot.test.mock.mockito.MockitoTestExecutionListener, org.springframework.boot.test.mock.mockito.ResetMocksTestExecutionListener, org.springframework.test.context.web.ServletTestExecutionListener, org.springframework.test.context.support.DirtiesContextBeforeModesTestExecutionListener, org.springframework.test.context.support.DependencyInjectionTestExecutionListener, org.springframework.test.context.support.DirtiesContextTestExecutionListener, org.springframework.test.context.transaction.TransactionalTestExecutionListener, org.springframework.test.context.jdbc.SqlScriptsTestExecutionListener]
2020-10-19 23:07:10.468  INFO 825 --- [    Test worker] .b.t.c.SpringBootTestContextBootstrapper : Using TestExecutionListeners: [org.springframework.test.context.web.ServletTestExecutionListener@39cdb62a, org.springframework.test.context.support.DirtiesContextBeforeModesTestExecutionListener@4925162a, org.springframework.boot.test.mock.mockito.MockitoTestExecutionListener@5e4bc41f, org.springframework.boot.test.autoconfigure.SpringBootDependencyInjectionTestExecutionListener@1bc7815b, org.springframework.test.context.support.DirtiesContextTestExecutionListener@4fef18ef, org.springframework.test.context.transaction.TransactionalTestExecutionListener@2e9ac37e, org.springframework.test.context.jdbc.SqlScriptsTestExecutionListener@2e71818e, org.springframework.security.test.context.support.WithSecurityContextTestExecutionListener@99b1042, org.springframework.security.test.context.support.ReactorContextTestExecutionListener@3e8459fe, org.springframework.boot.test.autoconfigure.restdocs.RestDocsTestExecutionListener@467dec63, org.springframework.boot.test.autoconfigure.web.client.MockRestServiceServerResetTestExecutionListener@64a268d3, org.springframework.boot.test.autoconfigure.web.servlet.MockMvcPrintOnlyOnFailureTestExecutionListener@356a6d05, org.springframework.boot.test.autoconfigure.web.servlet.WebDriverTestExecutionListener@293d89ff, org.springframework.boot.test.mock.mockito.ResetMocksTestExecutionListener@8a664f]
2020-10-19 23:07:10.479  INFO 825 --- [    Test worker] o.a.c.c.C.[Tomcat].[localhost].[/]       : Initializing Spring TestDispatcherServlet ''
2020-10-19 23:07:10.479  INFO 825 --- [    Test worker] o.s.t.web.servlet.TestDispatcherServlet  : Initializing Servlet ''
2020-10-19 23:07:10.483  INFO 825 --- [    Test worker] o.s.t.web.servlet.TestDispatcherServlet  : Completed initialization in 4 ms
Hibernate: insert into posts (create_date, modified_date, author, contents, title) values (?, ?, ?, ?, ?)
Hibernate: select posts0_.id as id1_0_, posts0_.create_date as create_d2_0_, posts0_.modified_date as modified3_0_, posts0_.author as author4_0_, posts0_.contents as contents5_0_, posts0_.title as title6_0_ from posts posts0_
Hibernate: select posts0_.id as id1_0_, posts0_.create_date as create_d2_0_, posts0_.modified_date as modified3_0_, posts0_.author as author4_0_, posts0_.contents as contents5_0_, posts0_.title as title6_0_ from posts posts0_
Hibernate: delete from posts where id=?
2020-10-19 23:07:10.659  INFO 825 --- [    Test worker] o.a.c.c.C.[Tomcat].[localhost].[/]       : Initializing Spring TestDispatcherServlet ''
2020-10-19 23:07:10.659  INFO 825 --- [    Test worker] o.s.t.web.servlet.TestDispatcherServlet  : Initializing Servlet ''
2020-10-19 23:07:10.663  INFO 825 --- [    Test worker] o.s.t.web.servlet.TestDispatcherServlet  : Completed initialization in 4 ms
Hibernate: insert into posts (create_date, modified_date, author, contents, title) values (?, ?, ?, ?, ?)
Hibernate: select posts0_.id as id1_0_0_, posts0_.create_date as create_d2_0_0_, posts0_.modified_date as modified3_0_0_, posts0_.author as author4_0_0_, posts0_.contents as contents5_0_0_, posts0_.title as title6_0_0_ from posts posts0_ where posts0_.id=?
Hibernate: update posts set create_date=?, modified_date=?, author=?, contents=?, title=? where id=?
Hibernate: select posts0_.id as id1_0_, posts0_.create_date as create_d2_0_, posts0_.modified_date as modified3_0_, posts0_.author as author4_0_, posts0_.contents as contents5_0_, posts0_.title as title6_0_ from posts posts0_
Hibernate: select posts0_.id as id1_0_, posts0_.create_date as create_d2_0_, posts0_.modified_date as modified3_0_, posts0_.author as author4_0_, posts0_.contents as contents5_0_, posts0_.title as title6_0_ from posts posts0_
Hibernate: delete from posts where id=?
]]></system-out>
  <system-err><![CDATA[]]></system-err>
</testsuite>
