<?xml version="1.0" encoding="UTF-8"?>
<testsuite name="com.jojoldu.book.springboot.web.dto.PostsApiControllerTest" tests="2" skipped="0" failures="0" errors="0" timestamp="2020-10-13T11:42:15" hostname="RISUNGucBookPro" time="0.251">
  <properties/>
  <testcase name="Posts_등록된다" classname="com.jojoldu.book.springboot.web.dto.PostsApiControllerTest" time="0.217"/>
  <testcase name="Posts_수정된다" classname="com.jojoldu.book.springboot.web.dto.PostsApiControllerTest" time="0.033"/>
  <system-out><![CDATA[2020-10-13 20:42:15.740  INFO 4025 --- [    Test worker] .b.t.c.SpringBootTestContextBootstrapper : Neither @ContextConfiguration nor @ContextHierarchy found for test class [com.jojoldu.book.springboot.web.dto.PostsApiControllerTest], using SpringBootContextLoader
2020-10-13 20:42:15.741  INFO 4025 --- [    Test worker] o.s.t.c.support.AbstractContextLoader    : Could not detect default resource locations for test class [com.jojoldu.book.springboot.web.dto.PostsApiControllerTest]: no resource found for suffixes {-context.xml, Context.groovy}.
2020-10-13 20:42:15.741  INFO 4025 --- [    Test worker] t.c.s.AnnotationConfigContextLoaderUtils : Could not detect default configuration classes for test class [com.jojoldu.book.springboot.web.dto.PostsApiControllerTest]: PostsApiControllerTest does not declare any static, non-private, non-final, nested classes annotated with @Configuration.
2020-10-13 20:42:15.743  INFO 4025 --- [    Test worker] .b.t.c.SpringBootTestContextBootstrapper : Found @SpringBootConfiguration com.jojoldu.book.springboot.Application for test class com.jojoldu.book.springboot.web.dto.PostsApiControllerTest
2020-10-13 20:42:15.744  INFO 4025 --- [    Test worker] .b.t.c.SpringBootTestContextBootstrapper : Loaded default TestExecutionListener class names from location [META-INF/spring.factories]: [org.springframework.security.test.context.support.WithSecurityContextTestExecutionListener, org.springframework.security.test.context.support.ReactorContextTestExecutionListener, org.springframework.boot.test.autoconfigure.restdocs.RestDocsTestExecutionListener, org.springframework.boot.test.autoconfigure.web.client.MockRestServiceServerResetTestExecutionListener, org.springframework.boot.test.autoconfigure.web.servlet.MockMvcPrintOnlyOnFailureTestExecutionListener, org.springframework.boot.test.autoconfigure.web.servlet.WebDriverTestExecutionListener, org.springframework.boot.test.mock.mockito.MockitoTestExecutionListener, org.springframework.boot.test.mock.mockito.ResetMocksTestExecutionListener, org.springframework.test.context.web.ServletTestExecutionListener, org.springframework.test.context.support.DirtiesContextBeforeModesTestExecutionListener, org.springframework.test.context.support.DependencyInjectionTestExecutionListener, org.springframework.test.context.support.DirtiesContextTestExecutionListener, org.springframework.test.context.transaction.TransactionalTestExecutionListener, org.springframework.test.context.jdbc.SqlScriptsTestExecutionListener]
2020-10-13 20:42:15.745  INFO 4025 --- [    Test worker] .b.t.c.SpringBootTestContextBootstrapper : Using TestExecutionListeners: [org.springframework.test.context.web.ServletTestExecutionListener@303f38e4, org.springframework.test.context.support.DirtiesContextBeforeModesTestExecutionListener@65867020, org.springframework.boot.test.mock.mockito.MockitoTestExecutionListener@399579cb, org.springframework.boot.test.autoconfigure.SpringBootDependencyInjectionTestExecutionListener@3268b9f6, org.springframework.test.context.support.DirtiesContextTestExecutionListener@7b594f47, org.springframework.test.context.transaction.TransactionalTestExecutionListener@2d08377c, org.springframework.test.context.jdbc.SqlScriptsTestExecutionListener@3f414837, org.springframework.security.test.context.support.WithSecurityContextTestExecutionListener@4811e120, org.springframework.security.test.context.support.ReactorContextTestExecutionListener@7983ac12, org.springframework.boot.test.autoconfigure.restdocs.RestDocsTestExecutionListener@155cc789, org.springframework.boot.test.autoconfigure.web.client.MockRestServiceServerResetTestExecutionListener@206935e5, org.springframework.boot.test.autoconfigure.web.servlet.MockMvcPrintOnlyOnFailureTestExecutionListener@6736c829, org.springframework.boot.test.autoconfigure.web.servlet.WebDriverTestExecutionListener@3b11be1, org.springframework.boot.test.mock.mockito.ResetMocksTestExecutionListener@7022f491]
2020-10-13 20:42:15.752  INFO 4025 --- [    Test worker] o.a.c.c.C.[Tomcat].[localhost].[/]       : Initializing Spring TestDispatcherServlet ''
2020-10-13 20:42:15.752  INFO 4025 --- [    Test worker] o.s.t.web.servlet.TestDispatcherServlet  : Initializing Servlet ''
2020-10-13 20:42:15.761  INFO 4025 --- [    Test worker] o.s.t.web.servlet.TestDispatcherServlet  : Completed initialization in 8 ms
Hibernate: insert into posts (created_date, modified_date, author, contents, title) values (?, ?, ?, ?, ?)
Hibernate: select posts0_.id as id1_0_, posts0_.created_date as created_2_0_, posts0_.modified_date as modified3_0_, posts0_.author as author4_0_, posts0_.contents as contents5_0_, posts0_.title as title6_0_ from posts posts0_
Hibernate: select posts0_.id as id1_0_, posts0_.created_date as created_2_0_, posts0_.modified_date as modified3_0_, posts0_.author as author4_0_, posts0_.contents as contents5_0_, posts0_.title as title6_0_ from posts posts0_
Hibernate: delete from posts where id=?
2020-10-13 20:42:15.969  INFO 4025 --- [    Test worker] o.a.c.c.C.[Tomcat].[localhost].[/]       : Initializing Spring TestDispatcherServlet ''
2020-10-13 20:42:15.970  INFO 4025 --- [    Test worker] o.s.t.web.servlet.TestDispatcherServlet  : Initializing Servlet ''
2020-10-13 20:42:15.973  INFO 4025 --- [    Test worker] o.s.t.web.servlet.TestDispatcherServlet  : Completed initialization in 3 ms
Hibernate: insert into posts (created_date, modified_date, author, contents, title) values (?, ?, ?, ?, ?)
Hibernate: select posts0_.id as id1_0_0_, posts0_.created_date as created_2_0_0_, posts0_.modified_date as modified3_0_0_, posts0_.author as author4_0_0_, posts0_.contents as contents5_0_0_, posts0_.title as title6_0_0_ from posts posts0_ where posts0_.id=?
Hibernate: update posts set created_date=?, modified_date=?, author=?, contents=?, title=? where id=?
Hibernate: select posts0_.id as id1_0_, posts0_.created_date as created_2_0_, posts0_.modified_date as modified3_0_, posts0_.author as author4_0_, posts0_.contents as contents5_0_, posts0_.title as title6_0_ from posts posts0_
Hibernate: select posts0_.id as id1_0_, posts0_.created_date as created_2_0_, posts0_.modified_date as modified3_0_, posts0_.author as author4_0_, posts0_.contents as contents5_0_, posts0_.title as title6_0_ from posts posts0_
Hibernate: delete from posts where id=?
]]></system-out>
  <system-err><![CDATA[]]></system-err>
</testsuite>
